[2025-09-11T21:08:50.271Z] Creating backup of current structure...
[2025-09-11T21:08:50.632Z] Backup created at: C:\Users\User\Documents\GitHub\ema\backup
[2025-09-11T21:09:41.192Z] Creating new directory structure...
[2025-09-11T21:09:41.203Z] Created directory: src/components/layout
[2025-09-11T21:09:41.205Z] Created directory: src/components/forms
[2025-09-11T21:09:41.210Z] Created directory: src/components/features/auth
[2025-09-11T21:09:41.216Z] Created directory: src/components/features/dashboard
[2025-09-11T21:09:41.219Z] Created directory: src/components/features/transfers
[2025-09-11T21:09:41.221Z] Created directory: src/components/features/wallet
[2025-09-11T21:09:41.223Z] Created directory: src/components/features/trading
[2025-09-11T21:09:41.232Z] Created directory: src/components/features/transactions
[2025-09-11T21:09:41.236Z] Created directory: src/components/features/kyc
[2025-09-11T21:18:14.499Z] Updating import paths across codebase...
[2025-09-11T21:18:14.525Z] Updated import in C:\Users\User\Documents\GitHub\ema\src\app\dashboard\page.tsx: @/components/dashboard → @/components/features/dashboard
[2025-09-11T21:18:14.533Z] Updated import in C:\Users\User\Documents\GitHub\ema\src\app\deposit\page.tsx: @/components/deposit → @/components/features/wallet/deposit
[2025-09-11T21:18:14.538Z] Updated import in C:\Users\User\Documents\GitHub\ema\src\app\kyc\address\page.tsx: @/components/ui/page-header → @/components/layout/page-header
[2025-09-11T21:18:14.542Z] Updated import in C:\Users\User\Documents\GitHub\ema\src\app\kyc\id-matching\page.tsx: @/components/ui/page-header → @/components/layout/page-header
[2025-09-11T21:18:14.548Z] Updated import in C:\Users\User\Documents\GitHub\ema\src\app\kyc\id-upload\page.tsx: @/components/ui/page-header → @/components/layout/page-header
[2025-09-11T21:18:14.556Z] Updated import in C:\Users\User\Documents\GitHub\ema\src\app\kyc\liveness-check\page.tsx: @/components/ui/page-header → @/components/layout/page-header
[2025-09-11T21:18:14.559Z] Updated import in C:\Users\User\Documents\GitHub\ema\src\app\kyc\nationality\page.tsx: @/components/ui/page-header → @/components/layout/page-header
[2025-09-11T21:18:14.569Z] Updated import in C:\Users\User\Documents\GitHub\ema\src\app\kyc\passcode\page.tsx: @/components/ui/page-header → @/components/layout/page-header
[2025-09-11T21:18:14.573Z] Updated import in C:\Users\User\Documents\GitHub\ema\src\app\kyc\passcode\page.tsx: @/components/ui/code-input → @/components/forms/code-input
[2025-09-11T21:18:14.575Z] Updated import in C:\Users\User\Documents\GitHub\ema\src\app\kyc\pep\page.tsx: @/components/ui/page-header → @/components/layout/page-header
[2025-09-11T21:18:14.583Z] Updated import in C:\Users\User\Documents\GitHub\ema\src\app\kyc\selfie\page.tsx: @/components/ui/page-header → @/components/layout/page-header
[2025-09-11T21:18:14.589Z] Updated import in C:\Users\User\Documents\GitHub\ema\src\app\page.tsx: @/components/dashboard → @/components/features/dashboard
[2025-09-11T21:18:14.608Z] Updated import in C:\Users\User\Documents\GitHub\ema\src\app\receive\page.tsx: @/components/receive → @/components/features/transfers/receive
[2025-09-11T21:18:14.623Z] Updated import in C:\Users\User\Documents\GitHub\ema\src\app\sell\page.tsx: @/components/sell → @/components/features/trading/sell
[2025-09-11T21:18:14.638Z] Updated import in C:\Users\User\Documents\GitHub\ema\src\app\send\page.tsx: @/components/send → @/components/features/transfers/send
[2025-09-11T21:18:14.651Z] Updated import in C:\Users\User\Documents\GitHub\ema\src\app\transaction\[id]\page.tsx: @/components/transaction-details → @/components/features/transactions/transaction-details
[2025-09-11T21:18:14.657Z] Updated import in C:\Users\User\Documents\GitHub\ema\src\app\transactions\page.tsx: @/components/ui/page-header → @/components/layout/page-header
[2025-09-11T21:18:14.660Z] Updated import in C:\Users\User\Documents\GitHub\ema\src\app\wallet\page.tsx: @/components/wallet → @/components/features/wallet/wallet
[2025-09-11T21:18:14.667Z] Updated import in C:\Users\User\Documents\GitHub\ema\src\app\withdraw\page.tsx: @/components/withdraw → @/components/features/wallet/withdraw
[2025-09-11T21:18:14.677Z] Updated import in C:\Users\User\Documents\GitHub\ema\src\components\deposit.tsx: @/components/ui/page-header → @/components/layout/page-header
[2025-09-11T21:18:14.683Z] Updated import in C:\Users\User\Documents\GitHub\ema\src\components\deposit.tsx: @/components/ui/amount-input → @/components/forms/amount-input
[2025-09-11T21:18:14.693Z] Updated import in C:\Users\User\Documents\GitHub\ema\src\components\features\auth\login.tsx: @/components/ui/page-header → @/components/layout/page-header
[2025-09-11T21:18:14.701Z] Updated import in C:\Users\User\Documents\GitHub\ema\src\components\features\auth\login.tsx: @/components/ui/form-field → @/components/forms/auth-form-field
[2025-09-11T21:18:14.707Z] Updated import in C:\Users\User\Documents\GitHub\ema\src\components\features\auth\signup.tsx: @/components/ui/page-header → @/components/layout/page-header
[2025-09-11T21:18:14.711Z] Updated import in C:\Users\User\Documents\GitHub\ema\src\components\features\auth\signup.tsx: @/components/ui/form-field → @/components/forms/auth-form-field
[2025-09-11T21:18:14.719Z] Updated import in C:\Users\User\Documents\GitHub\ema\src\components\features\auth\signup.tsx: @/components/ui/phone-input → @/components/forms/phone-input
[2025-09-11T21:18:14.722Z] Updated import in C:\Users\User\Documents\GitHub\ema\src\components\features\auth\signup.tsx: @/components/ui/code-input → @/components/forms/code-input
[2025-09-11T21:18:14.726Z] Updated import in C:\Users\User\Documents\GitHub\ema\src\components\features\kyc\kyc-camera-step.tsx: @/components/ui/page-header → @/components/layout/page-header
[2025-09-11T21:18:14.731Z] Updated import in C:\Users\User\Documents\GitHub\ema\src\components\features\kyc\kyc-form-step.tsx: @/components/ui/page-header → @/components/layout/page-header
[2025-09-11T21:18:14.739Z] Updated import in C:\Users\User\Documents\GitHub\ema\src\components\features\kyc\kyc-form-step.tsx: @/components/ui/form-field → @/components/forms/auth-form-field
[2025-09-11T21:18:14.744Z] Updated import in C:\Users\User\Documents\GitHub\ema\src\components\features\kyc\kyc-processing-step.tsx: @/components/ui/page-header → @/components/layout/page-header
[2025-09-11T21:18:14.756Z] Updated import in C:\Users\User\Documents\GitHub\ema\src\components\features\kyc\kyc-radio-selection.tsx: @/components/ui/page-header → @/components/layout/page-header
[2025-09-11T21:18:14.760Z] Updated import in C:\Users\User\Documents\GitHub\ema\src\components\features\trading\sell.tsx: @/components/ui/page-header → @/components/layout/page-header
[2025-09-11T21:18:14.768Z] Updated import in C:\Users\User\Documents\GitHub\ema\src\components\features\trading\sell.tsx: @/components/ui/amount-input → @/components/forms/amount-input
[2025-09-11T21:18:14.774Z] Updated import in C:\Users\User\Documents\GitHub\ema\src\components\features\transactions\transaction-details.tsx: @/components/ui/page-header → @/components/layout/page-header
[2025-09-11T21:18:14.777Z] Updated import in C:\Users\User\Documents\GitHub\ema\src\components\features\transfers\receive.tsx: @/components/ui/page-header → @/components/layout/page-header
[2025-09-11T21:18:14.786Z] Updated import in C:\Users\User\Documents\GitHub\ema\src\components\features\transfers\send.tsx: @/components/ui/page-header → @/components/layout/page-header
[2025-09-11T21:18:14.788Z] Updated import in C:\Users\User\Documents\GitHub\ema\src\components\features\transfers\send.tsx: @/components/ui/amount-input → @/components/forms/amount-input
[2025-09-11T21:18:14.791Z] Updated import in C:\Users\User\Documents\GitHub\ema\src\components\features\wallet\deposit.tsx: @/components/ui/page-header → @/components/layout/page-header
[2025-09-11T21:18:14.793Z] Updated import in C:\Users\User\Documents\GitHub\ema\src\components\features\wallet\deposit.tsx: @/components/ui/amount-input → @/components/forms/amount-input
[2025-09-11T21:18:14.806Z] Updated import in C:\Users\User\Documents\GitHub\ema\src\components\features\wallet\withdraw.tsx: @/components/ui/page-header → @/components/layout/page-header
[2025-09-11T21:18:14.808Z] Updated import in C:\Users\User\Documents\GitHub\ema\src\components\features\wallet\withdraw.tsx: @/components/ui/form-field → @/components/forms/auth-form-field
[2025-09-11T21:18:14.811Z] Updated import in C:\Users\User\Documents\GitHub\ema\src\components\features\wallet\withdraw.tsx: @/components/ui/amount-input → @/components/forms/amount-input
[2025-09-11T21:18:14.822Z] Updated import in C:\Users\User\Documents\GitHub\ema\src\components\kyc\kyc-camera-step.tsx: @/components/ui/page-header → @/components/layout/page-header
[2025-09-11T21:18:14.836Z] Updated import in C:\Users\User\Documents\GitHub\ema\src\components\kyc\kyc-form-step.tsx: @/components/ui/page-header → @/components/layout/page-header
[2025-09-11T21:18:14.850Z] Updated import in C:\Users\User\Documents\GitHub\ema\src\components\kyc\kyc-form-step.tsx: @/components/ui/form-field → @/components/forms/auth-form-field
[2025-09-11T21:18:14.856Z] Updated import in C:\Users\User\Documents\GitHub\ema\src\components\kyc\kyc-processing-step.tsx: @/components/ui/page-header → @/components/layout/page-header
[2025-09-11T21:18:14.873Z] Updated import in C:\Users\User\Documents\GitHub\ema\src\components\kyc\kyc-radio-selection.tsx: @/components/ui/page-header → @/components/layout/page-header
[2025-09-11T21:18:14.888Z] Updated import in C:\Users\User\Documents\GitHub\ema\src\components\login.tsx: @/components/ui/page-header → @/components/layout/page-header
[2025-09-11T21:18:14.891Z] Updated import in C:\Users\User\Documents\GitHub\ema\src\components\login.tsx: @/components/ui/form-field → @/components/forms/auth-form-field
[2025-09-11T21:18:14.897Z] Updated import in C:\Users\User\Documents\GitHub\ema\src\components\receive.tsx: @/components/ui/page-header → @/components/layout/page-header
[2025-09-11T21:18:14.905Z] Updated import in C:\Users\User\Documents\GitHub\ema\src\components\sell.tsx: @/components/ui/page-header → @/components/layout/page-header
[2025-09-11T21:18:14.910Z] Updated import in C:\Users\User\Documents\GitHub\ema\src\components\sell.tsx: @/components/ui/amount-input → @/components/forms/amount-input
[2025-09-11T21:18:14.919Z] Updated import in C:\Users\User\Documents\GitHub\ema\src\components\send.tsx: @/components/ui/page-header → @/components/layout/page-header
[2025-09-11T21:18:14.925Z] Updated import in C:\Users\User\Documents\GitHub\ema\src\components\send.tsx: @/components/ui/amount-input → @/components/forms/amount-input
[2025-09-11T21:18:14.932Z] Updated import in C:\Users\User\Documents\GitHub\ema\src\components\signup.tsx: @/components/ui/page-header → @/components/layout/page-header
[2025-09-11T21:18:14.935Z] Updated import in C:\Users\User\Documents\GitHub\ema\src\components\signup.tsx: @/components/ui/form-field → @/components/forms/auth-form-field
[2025-09-11T21:18:14.940Z] Updated import in C:\Users\User\Documents\GitHub\ema\src\components\signup.tsx: @/components/ui/phone-input → @/components/forms/phone-input
[2025-09-11T21:18:14.943Z] Updated import in C:\Users\User\Documents\GitHub\ema\src\components\signup.tsx: @/components/ui/code-input → @/components/forms/code-input
[2025-09-11T21:18:14.951Z] Updated import in C:\Users\User\Documents\GitHub\ema\src\components\transaction-details.tsx: @/components/ui/page-header → @/components/layout/page-header
[2025-09-11T21:18:14.981Z] Updated import in C:\Users\User\Documents\GitHub\ema\src\components\withdraw.tsx: @/components/ui/page-header → @/components/layout/page-header
[2025-09-11T21:18:14.986Z] Updated import in C:\Users\User\Documents\GitHub\ema\src\components\withdraw.tsx: @/components/ui/form-field → @/components/forms/auth-form-field
[2025-09-11T21:18:14.991Z] Updated import in C:\Users\User\Documents\GitHub\ema\src\components\withdraw.tsx: @/components/ui/amount-input → @/components/forms/amount-input
[2025-09-11T21:18:15.023Z] Updated imports in 42 files
